<?xml version="1.0" encoding="UTF-8"?>
<testsuites>
    <!-- Manually created, not a real report -->
    <testsuite name="tests" file="src/App2Test.php" tests="1" assertions="1" errors="0" failures="0" skipped="0" time="0.000086">
        <testcase name="testOk" class="App2Test" file="src/App2Test.php" line="26" assertions="1" time="0.000086"/>
        <testcase name="testError" class="App2Test" file="src/App2Test.php" line="11" assertions="0" time="0.000050">
            <error type="Error">AppErrorTest::testCanBeUsedAsString
                Error: Call to undefined method App::__toStrung()

                src/AppErrorTest.php:16
            </error>
        </testcase>
        <testcase name="testFail" class="App2Test" file="src/App2Test.php" line="11" assertions="1" time="0.000091">
            <failure type="PHPUnit\Framework\ExpectationFailedException">AppFailTest::testCanBeUsedAsString
                Failed asserting that two strings are equal.
                --- Expected
                +++ Actual
                @@ @@
                -'pip'
                +'lol'

                src/AppFailTest.php:16
            </failure>
        </testcase>
        <testcase name="testSkipped" class="App2Test" file="src/App2Test.php" line="11" assertions="1" time="0.000040">
            <skipped/>
        </testcase>
    </testsuite>
</testsuites>
